<HR>
08-16 AM, 2013-06-29

0
1300
<HR>
08-16 AM, 2013-06-29

0
1300
<HR>
08-17 AM, 2013-06-29

0
1300
<HR>
03-13 AM, 2013-07-01

0
1
<HR>
03-26 AM, 2013-07-01
000000
0
1
<HR>
09-40 AM, 2013-07-02
000000
0
150
<HR>
09-41 AM, 2013-07-02
000000
0
150
<HR>
09-42 AM, 2013-07-02
000000
0
150
<HR>
10-59 PM, 2013-07-02
000000
0
1420
<HR>
11-03 PM, 2013-07-02
000000
0
1420
<HR>
11-06 PM, 2013-07-02
000000
0
1420
<HR>
11-09 PM, 2013-07-02
000000
0
1420
<HR>
11-54 PM, 2013-07-02
000000
0
1420
<HR>
11-55 PM, 2013-07-02
000000
0
1420
<HR>
07-39 AM, 2013-07-03
000000
0
10
<HR>
02-30 AM, 2013-07-04
000000
0
2298
<HR>
02-37 AM, 2013-07-04
000000
0

<HR>
02-39 AM, 2013-07-04
000000
0
2298
<HR>
02-43 AM, 2013-07-04
000000
0
2298
<HR>
03-52 AM, 2013-07-04
000000
0
665
<HR>
05-27 AM, 2013-07-04
000000
0
899
<HR>
05-27 AM, 2013-07-04
000000
0

<HR>
05-28 AM, 2013-07-04
000000
0
1798
<HR>
05-33 AM, 2013-07-04
000000
0
899
<HR>
05-36 AM, 2013-07-04
000000
0
899
<HR>
06-35 AM, 2013-07-04
000000
0
1149
<HR>
07-25 AM, 2013-07-04
000000
0
3596
<HR>
07-27 AM, 2013-07-04
000000
0
899
<HR>
09-47 AM, 2013-07-04
000000
0

<HR>
09-50 AM, 2013-07-04
000000
0

<HR>
09-51 AM, 2013-07-04
000000
0

<HR>
09-52 AM, 2013-07-04
000000
0

<HR>
09-53 AM, 2013-07-04
000000
0

<HR>
09-54 AM, 2013-07-04
000000
0
415
<HR>
04-21 AM, 2013-07-05
000000
0
100
<HR>
01-33 PM, 2013-07-05
000000
0
26091
<HR>
01-50 PM, 2013-07-08
000000
0
0
<HR>
01-53 PM, 2013-07-08
000000
0
122
<HR>
06-43 AM, 2013-07-09
000000
0
2559
<HR>
07-13 AM, 2013-07-09
000000
0
6293
<HR>
07-17 AM, 2013-07-09
000000
0
899
<HR>
10-16 AM, 2013-07-10
000000
0
12
<HR>
07-06 AM, 2013-07-12
000000
0
88
<HR>
04-50 AM, 2013-07-16
000000
0
26
<HR>
07-17 AM, 2013-07-16
000000
0
0
<HR>
07-19 AM, 2013-07-16
000000
0
29
<HR>
07-40 AM, 2013-07-16
000000
0
29
<HR>
07-42 AM, 2013-07-16
000000
0
29
<HR>
04-32 PM, 2013-07-16
000000
0
0
<HR>
04-36 PM, 2013-07-16
000000
0
0
<HR>
04-36 PM, 2013-07-16
000000
0
0
<HR>
04-10 AM, 2013-07-19
000000
0
81
<HR>
06-53 AM, 2013-07-19
000000
0
55
<HR>
06-53 AM, 2013-07-19
000000
0

<HR>
07-06 AM, 2013-07-19
000000
0
71
<HR>
12-39 AM, 2013-07-23
000000
0
250
<HR>
05-43 AM, 2013-07-23
000000
0
106
<HR>
05-38 AM, 2013-07-24
000000
0
155.15
<HR>
06-23 AM, 2013-07-24
000000
0
34.20
<HR>
07-17 AM, 2013-07-24
000000
0
34.20
<HR>
07-22 AM, 2013-07-24
000000
0
34.20
<HR>
07-24 AM, 2013-07-24
000000
0
0.00
<HR>
07-24 AM, 2013-07-24
000000
0
34.20
<HR>
07-38 AM, 2013-07-24
000000
0
34.20
<HR>
07-41 AM, 2013-07-24
000000
0
45.20
<HR>
08-18 AM, 2013-07-26
000000
0
114.61
<HR>
08-20 AM, 2013-07-26
000000
0

<HR>
02-26 AM, 2013-07-29
000000
0
53.26
<HR>
03-56 AM, 2013-07-29
000000
0
105.60
<HR>
04-08 AM, 2013-07-29
000000
0
18.99
<HR>
04-10 AM, 2013-07-29
000000
0
34.27
<HR>
04-04 AM, 2013-08-29
000000
0
20.00
<HR>
11-44 AM, 2013-09-02
000000
0
10.00
<HR>
04-31 PM, 2013-10-20
000000
0
0.50
<HR>
09-52 AM, 2013-10-28
000000
0
0.50
<HR>
05-19 PM, 2013-10-28
000000
0
0.50
<HR>
03-24 AM, 2013-10-29
000000
0
0.50
<HR>
03-52 AM, 2014-01-03
000000
0
49.08
<HR>
10-49 AM, 2014-01-18
000000
0
8.5
<HR>
11-45 AM, 2014-01-18
000000
0
4.5
<HR>
01-36 PM, 2014-01-18
000000
0
12.00
<HR>
12-36 PM, 2014-01-22
000000
0
13.5
<HR>
12-14 AM, 2014-01-29
000000
0
12.00
<HR>
09-57 AM, 2014-02-01
000000
0
4.5
<HR>
11-41 PM, 2014-02-09
000000
0
11.46
<HR>
10-58 PM, 2014-02-16
000000
0
4.79
<HR>
02-16 AM, 2014-02-18
000000
0
4.79
<HR>
09-25 AM, 2014-02-18
000000
0
85.78
<HR>
04-47 PM, 2014-02-23
000000
0
12.00
<HR>
12-23 AM, 2014-02-25
000000
0
35
<HR>
07-21 PM, 2014-02-26
000000
0
55.42
<HR>
11-58 AM, 2014-03-05
000000
0
12.00
<HR>
01-12 PM, 2014-03-06
000000
0
64.42
<HR>
01-30 PM, 2014-03-06
000000
0
12.00
<HR>
05-49 PM, 2014-03-06
000000
0
12.00
<HR>
06-35 PM, 2014-03-08
000000
0
12.00
<HR>
12-17 AM, 2014-03-13
000000
0
12.00
<HR>
12-21 AM, 2014-03-13
000000
0
12.00
<HR>
01-09 AM, 2014-03-13
000000
0
24.00
<HR>
01-19 AM, 2014-03-13
000000
0
12.00
<HR>
01-23 AM, 2014-03-13
000000
0

<HR>
01-26 AM, 2014-03-13
000000
0

<HR>
03-28 PM, 2014-03-13
000000
0
12.00
<HR>
05-50 PM, 2014-03-13
000000
0
12.00
<HR>
03-32 PM, 2014-03-19
000000
0
12.00
<HR>
12-50 AM, 2014-03-20
000000
0
60.00
<HR>
02-28 PM, 2014-03-21
000000
0
12.00
<HR>
08-17 AM, 2014-03-22
000000
0
49.07
<HR>
03-10 PM, 2014-03-26
000000
0
12.00
<HR>
03-13 PM, 2014-04-02
000000
0
57.89
<HR>
03-22 PM, 2014-04-02

0
63.580000000000005
<HR>
03-25 PM, 2014-04-02
000000
0
63.49
<HR>
03-55 PM, 2014-04-13
000000
0
32.24
<HR>
07-00 PM, 2014-04-24
000000
0
53.59
<HR>
05-11 PM, 2014-04-28

6131009167
0.05
<HR>
05-13 PM, 2014-04-28
255621
6131011598
0.05
<HR>
05-18 PM, 2014-04-28
251987
6131023259
0.05
<HR>
05-29 PM, 2014-04-28
07961C
6131047145
0.05
<HR>
05-35 PM, 2014-04-28
06579C
6131060494
0.05
<HR>
05-44 PM, 2014-04-28
03051B
6131079234
10.01
<HR>
05-48 PM, 2014-04-28
04409B
6131087043
0.05
<HR>
05-58 PM, 2014-04-28
05295B
6131109251
0.05
<HR>
05-27 PM, 2014-04-29
H83972
6133943172
12.00
<HR>
07-37 PM, 2014-04-29
003737
6134196082
12.00
<HR>
04-20 PM, 2014-05-02
00717D
6144398383
12.00
<HR>
04-20 PM, 2014-05-02

0

<HR>
04-35 PM, 2014-05-02
06577C
6144434238
12.00
<HR>
04-35 PM, 2014-05-02

0

<HR>
04-37 PM, 2014-05-02

0

<HR>
04-41 PM, 2014-05-02
01738C
6144445937
12.00
<HR>
03-57 AM, 2014-05-08

6158594903
12.00
<HR>
03-58 AM, 2014-05-08

6158595278
12.00
<HR>
04-03 AM, 2014-05-08

6158603867
12.00
<HR>
06-39 AM, 2014-05-08

6158768088
6.68
<HR>
06-40 AM, 2014-05-08

6158769659
6.68
<HR>
06-43 AM, 2014-05-08

0
12.00
<HR>
03-50 PM, 2014-05-12
554281
6169728253
20.00
<HR>
03-17 PM, 2014-05-13
01557C
6172521880
20.00
<HR>
04-16 AM, 2014-05-15

6176382976
40.00
<HR>
04-50 AM, 2014-05-19

6186162833
75.00
<HR>
03-28 AM, 2014-05-22

6194839898
21.24
<HR>
02-14 AM, 2014-05-23

0
20.00
<HR>
02-17 AM, 2014-05-23

0
20.00
<HR>
02-21 AM, 2014-05-23

0
20.00
<HR>
02-22 AM, 2014-05-23

0
20.00
<HR>
04-52 AM, 2014-05-23

0
20.00
<HR>
04-55 AM, 2014-05-23

0
20.00
<HR>
04-55 AM, 2014-05-23

0
20.00
<HR>
05-10 AM, 2014-05-23

0
20.00
<HR>
05-17 AM, 2014-05-23
000000
0
20.00
<HR>
05-19 AM, 2014-05-23
GC6FYR
2213798766
20.00
<HR>
07-54 PM, 2014-05-25

0
24.86
<HR>
07-57 PM, 2014-05-25

0
24.86
<HR>
11-23 AM, 2014-05-26

0
10.00
<HR>
11-26 AM, 2014-05-26

0
10.00
<HR>
11-36 AM, 2014-05-26

0
44.39
<HR>
03-50 AM, 2014-05-27

0
15.00
<HR>
04-02 AM, 2014-05-27
000000
0
15.00
<HR>
04-03 AM, 2014-05-27

0
15.00
<HR>
04-04 AM, 2014-05-27

0
15.00
<HR>
04-25 AM, 2014-05-27

0
15.00
<HR>
04-43 AM, 2014-05-27

0
0.50
<HR>
04-46 AM, 2014-05-27
000000
0
0.50
<HR>
09-04 AM, 2014-05-27

0
10.00
<HR>
09-06 AM, 2014-05-27

0
10.00
<HR>
09-44 AM, 2014-05-27

0
10.00
<HR>
01-09 AM, 2014-05-30

0
20.00
<HR>
01-10 AM, 2014-05-30
000000
0
20.00
<HR>
01-16 PM, 2014-05-31
000000
0
10.00
<HR>
01-17 PM, 2014-05-31
000000
0
10.00
<HR>
05-21 PM, 2014-05-31
000000
0
52.76
<HR>
05-26 PM, 2014-05-31
000000
0
43.66
<HR>
04-36 PM, 2014-06-07
000000
0
20.00
<HR>
04-48 PM, 2014-06-07
000000
0
62.97
<HR>
05-32 PM, 2014-06-10
000000
0
0.01
<HR>
06-12 PM, 2014-06-10
000000
0
0.02
<HR>
06-19 AM, 2014-06-11
000000
0
10.00
<HR>
06-32 AM, 2014-06-11
000000
0
20.00
<HR>
04-22 PM, 2014-06-11
000000
0
0.13
<HR>
04-46 PM, 2014-06-11
000000
0
29.22
<HR>
10-16 AM, 2014-06-12

0
0.11
<HR>
10-17 AM, 2014-06-12

0
0.11
<HR>
03-11 PM, 2014-06-12

0
15.00
<HR>
03-13 PM, 2014-06-12

0
15.00
<HR>
03-16 PM, 2014-06-12

0
20.00
<HR>
03-19 PM, 2014-06-12

0
20.00
<HR>
05-45 PM, 2014-06-12

0
0.11
<HR>
01-02 AM, 2014-06-13
000000
0
105.00
<HR>
01-06 AM, 2014-06-13

0
10.00
<HR>
01-42 AM, 2014-06-13

0
10.00
<HR>
01-43 AM, 2014-06-13
UX8R7W
2214835832
30.00
<HR>
01-56 AM, 2014-06-13
J1O4DC
2214836044
10.00
<HR>
02-22 AM, 2014-06-13


35.00
<HR>
04-48 AM, 2014-06-18
OW4AL8
2215081564
15.00
<HR>
06-16 AM, 2014-06-18

0
25.00
<HR>
06-17 AM, 2014-06-18
GX2YCT
2215088270
25.00
<HR>
06-29 AM, 2014-06-18
XV0M9X
2215088528
4.95
<HR>
06-36 AM, 2014-06-18
D5EUF4
2215088688
20.00
<HR>
10-31 AM, 2014-06-18

0
1.01
<HR>
06-22 PM, 2014-06-18

0
1.01
<HR>
06-23 PM, 2014-06-18

0
10.01
<HR>
09-56 PM, 2014-06-18

0
20.00
<HR>
09-57 PM, 2014-06-18

0
20.00
<HR>
09-59 PM, 2014-06-18

0
20.00
<HR>
03-18 AM, 2014-06-19

6268541823
20.00
<HR>
03-19 AM, 2014-06-19

0
20.00
<HR>
03-20 AM, 2014-06-19
5RF0KD
2215119270
20.00
<HR>
10-33 AM, 2014-06-19

6269340536
1.01
<HR>
10-34 AM, 2014-06-19

6269344097
1.01
<HR>
10-35 AM, 2014-06-19

0
1.01
<HR>
10-38 AM, 2014-06-19
04127B
6269354097
1.01
<HR>
10-38 AM, 2014-06-19

0
1.01
<HR>
10-39 AM, 2014-06-19
07704B
6269358481
1.01
<HR>
02-44 PM, 2014-06-19
03128B
6270143560
2.02
<HR>
06-32 AM, 2014-06-20
L0ISRR
2215185052
15.00
<HR>
06-43 AM, 2014-06-20
TESTF5
2215185433
150.00
<HR>
06-45 AM, 2014-06-20
9S36T2
2215185497
15.00
<HR>
06-52 AM, 2014-06-20

0
2.95
<HR>
06-53 AM, 2014-06-20
BSF4WR
2215186116
2.95
<HR>
07-05 AM, 2014-06-20
HQRWLG
2215186348
2.95
<HR>
07-12 AM, 2014-06-20
J3WJBS
2215186508
2.95
<HR>
09-57 AM, 2014-06-20

6272148166
1.01
<HR>
09-59 AM, 2014-06-20
08213B
6272154062
1.02
<HR>
06-46 PM, 2014-06-20
08225C
6273831600
15.00
<HR>
05-42 PM, 2014-06-21
134112
6275553855
15.00
<HR>
05-53 PM, 2014-06-21
145432
6275569246
35.31
<HR>
07-00 PM, 2014-06-24
130907
6282751542
15.00
<HR>
07-35 PM, 2014-06-28
000229
6293378684
20.00
<HR>
12-36 PM, 2014-06-29
023507
6294247015
13.83
<HR>
08-52 AM, 2014-07-03
59352P
6306111336
15.00
<HR>
07-29 PM, 2014-07-05
039130
6311498587
20.00
<HR>
12-05 PM, 2014-07-08
090513
6317792967
10.00
<HR>
08-32 PM, 2014-07-09
06420A
6321922021
20.00
<HR>
05-55 PM, 2014-07-10
001437
6324585594
15.00
<HR>
02-45 PM, 2014-07-11
06055Z
6326887151
20.00
<HR>
03-45 PM, 2014-07-13
05347C
6330573893
28.57
<HR>
02-42 AM, 2014-07-17

0

<HR>
07-06 AM, 2014-07-17

6340755812
4.79
<HR>
10-38 AM, 2014-07-17
003806
6341297917
1.35
<HR>
10-40 AM, 2014-07-17
004026
6341305105
1.35
<HR>
12-29 PM, 2014-07-19

0

<HR>
06-13 PM, 2014-07-20

0

<HR>
06-19 PM, 2014-07-20

0

<HR>
06-19 PM, 2014-07-20

0

<HR>
06-24 PM, 2014-07-25
002419
6363114600
10.00
<HR>
06-24 PM, 2014-07-25

0
10.00
<HR>
05-51 PM, 2014-07-27
255600
6366450643
20.00
<HR>
05-52 PM, 2014-07-27
259866
6366452628
20.00
<HR>
06-07 PM, 2014-07-27
02507B
6366473210
10.00
<HR>
06-11 PM, 2014-07-27
253232
6366478632
20.00
<HR>
02-41 PM, 2014-08-02
04175P
6383890244
15.00
<HR>
02-24 PM, 2014-08-03
250937
6385532582
20.00
<HR>
05-18 PM, 2014-08-03
00329B
6385821713
10.00
<HR>
07-47 PM, 2014-08-14
256584
6415568325
20.00
<HR>
02-53 PM, 2014-08-22
199418
6436580781
20.00
<HR>
05-54 PM, 2014-08-26
155344
6446561893
44.48
<HR>
06-11 PM, 2014-08-26
133607
6446598677
34.50
<HR>
07-29 PM, 2014-08-29
425628
6455691126
37.38
<HR>
06-41 PM, 2014-09-03
045155
6468662087
15.00
<HR>
08-00 PM, 2014-09-03
267727
6468822196
55.03
<HR>
06-04 PM, 2014-09-07
080254
6478463216
18.48
<HR>
04-01 PM, 2014-09-21
190615
6515307613
36.33
<HR>
06-35 PM, 2014-09-22
128189
6518599775
10.00
<HR>
08-15 PM, 2014-09-27
006122
6532059692
40.00
<HR>
07-55 PM, 2014-09-28
17584B
6533702775
44.24
<HR>
06-33 PM, 2014-10-03
420667
6550399326
37.41
<HR>
12-18 PM, 2014-10-11
04600B
6571283547
0.50
<HR>
06-51 PM, 2014-10-13

6576473866
14.82
<HR>
09-19 PM, 2014-10-13
051922
6576758749
31.93
<HR>
12-20 PM, 2014-10-27
02715R
6615002780
20.00
<HR>
02-28 PM, 2014-10-28
04471C
6618571630
10.00
<HR>
04-34 PM, 2014-10-28

6618972489
14.2
<HR>
12-28 PM, 2014-11-01
04958Z
6630069294
10.00
<HR>
07-10 PM, 2014-11-10
000352
6655579918
20.00
<HR>
08-48 PM, 2014-11-11
04441Z
6658611356
10.00
<HR>
12-42 PM, 2014-11-16

0
20.00
<HR>
12-43 PM, 2014-11-16
127242
6670930281
20.00
<HR>
01-58 PM, 2014-11-23
107852
6690621234
10.00
<HR>
04-13 PM, 2014-11-30
07781B
6709006565
15.00
<HR>
11-43 AM, 2014-12-03

6722425481
50.35
<HR>
11-43 AM, 2014-12-03

0
50.35
<HR>
11-46 AM, 2014-12-03

6722438335
50.35
<HR>
11-48 AM, 2014-12-03

6722447555
50.35
<HR>
11-53 AM, 2014-12-03

6722467595
50.35
<HR>
01-57 PM, 2014-12-14
01857P
6756036583
10.00
<HR>
05-45 PM, 2014-12-14

0
20.00
<HR>
05-46 PM, 2014-12-14
66237B
6756494067
20.00
<HR>
08-49 PM, 2014-12-26
084821
6789279717
15.00
<HR>
07-52 PM, 2014-12-29
004183
6795493287
15.16
<HR>
07-52 PM, 2014-12-29
001548
6795494127
15.16
<HR>
07-53 PM, 2014-12-29

0
15.16
<HR>
07-54 PM, 2014-12-29
003857
6795497899
15.16
<HR>
07-56 PM, 2014-12-29

0
15.16
<HR>
07-56 PM, 2014-12-29

0
15.16
<HR>
06-28 PM, 2014-12-30
518001
6798175503
31.01
<HR>
08-30 PM, 2015-01-02


31.98
<HR>
08-31 PM, 2015-01-02


31.98
<HR>
06-35 PM, 2015-01-07

6819645619
28.435
<HR>
04-04 PM, 2015-02-02
88819B
6889467909
10.00
<HR>
06-29 PM, 2015-02-02
08565B
6889914379
50.29
<HR>
08-33 AM, 2015-02-07
95553P
6903828155
15.00
<HR>
07-19 PM, 2015-02-13

6922425017
37.46
<HR>
08-45 PM, 2015-02-19
667343
6938671355
30.30
<HR>
06-45 PM, 2015-02-22
02263Q
6945459799
11.00
<HR>
06-59 PM, 2015-02-22
08431B
6945483710
15.00
<HR>
05-41 PM, 2015-02-27
03084B
6961218199
10.00
<HR>
03-20 PM, 2015-03-01
00131Q
6966325802
11.00
<HR>
05-35 PM, 2015-03-03
373092
6974006962
15.00
<HR>
06-23 PM, 2015-03-07

0

<HR>
07-22 PM, 2015-03-08

6987819639
15.00
<HR>
07-23 PM, 2015-03-08
09589C
6987820545
15.00
<HR>
07-08 PM, 2015-03-14

7005646708
33.75
<HR>
07-10 PM, 2015-03-14

7005649986
33.75
<HR>
05-48 PM, 2015-03-18
054818
7017053826
18.67
<HR>
08-00 PM, 2015-03-18
145292
7017323235
15.00
<HR>
05-32 PM, 2015-03-21
02152Q
7025466646
11.00
<HR>
01-41 PM, 2015-03-30

7048493677
33.81
<HR>
01-44 PM, 2015-03-30

7048504332
33.81
<HR>
01-37 PM, 2015-04-14
014066
7092226478
10.00
<HR>
07-48 PM, 2015-04-14
035733
7093357806
15.00
<HR>
08-52 PM, 2015-05-02

0
14.34
<HR>
05-29 PM, 2015-05-09

7165435282
25.65
<HR>
05-31 PM, 2015-05-09

7165438113
25.65
<HR>
05-33 PM, 2015-05-09

7165440230
25.65
<HR>
03-40 PM, 2015-05-16
H55578
7184520539
15.00
<HR>
12-12 PM, 2015-05-21
121428
7197337956
15.00
<HR>
12-08 PM, 2015-05-24
02442Q
7204280586
11.00
<HR>
06-28 PM, 2015-05-30
H83904
7220847772
10.00
<HR>
08-05 PM, 2015-06-14

7261665847
38.69
<HR>
09-38 PM, 2015-06-23

7291022266
26.41
<HR>
06-59 PM, 2015-07-17
085916
7358819420
15.00
<HR>
08-52 PM, 2015-07-25

7382904933
18.94
<HR>
08-53 PM, 2015-07-25

0
18.94
<HR>
01-08 PM, 2015-08-02
08004A
7404019170
15.00
<HR>
04-20 PM, 2015-08-21
02116Q
7458716278
15.00
<HR>
03-09 AM, 2015-08-29

7478805105
660.00
<HR>
03-50 AM, 2015-08-29

7478825864
660.00
<HR>
04-00 AM, 2015-08-29

7478830369
450.00
<HR>
06-37 PM, 2015-08-30
142265
7481787988
15.00
<HR>
09-25 PM, 2015-08-30
002522
7482065308
10.00
<HR>
08-32 PM, 2015-08-31
03658D
7485371705
15.00
<HR>
05-16 AM, 2015-09-01

0
10.00
<HR>
05-18 AM, 2015-09-01

0
10.00
<HR>
05-20 AM, 2015-09-01

0
10.00
<HR>
05-26 AM, 2015-09-01

0
10.00
<HR>
04-21 AM, 2015-09-03

0
11.00
<HR>
04-22 AM, 2015-09-03

7493752623
11.00
<HR>
04-27 AM, 2015-09-03

7493755892
11.00
<HR>
07-37 PM, 2015-09-05

0

<HR>
01-16 PM, 2015-09-10

7514590719
46.00
<HR>
07-36 PM, 2015-09-10
07562B
7515747708
34.66
<HR>
07-23 PM, 2015-09-11
01191B
7518979538
15.00
<HR>
08-15 PM, 2015-09-14
702303
7525895397
15.00
<HR>
08-15 PM, 2015-09-14

0
15.00
<HR>
08-16 PM, 2015-09-14

0
15.00
<HR>
08-17 PM, 2015-09-14

0
15.00
<HR>
08-17 PM, 2015-09-14

0
15.00
<HR>
03-19 PM, 2015-10-06
08288C
7591174564
15.00
<HR>
04-35 AM, 2015-10-07

7592431701
4.6
<HR>
06-40 PM, 2015-10-17
183495
7630028897
15.00
<HR>
05-45 PM, 2015-10-19
074358
7634794941
15.00
<HR>
08-43 PM, 2015-10-19

0
NaN
<HR>
07-23 PM, 2015-10-23

7647500258
39.00
<HR>
07-24 PM, 2015-10-23


39.00
<HR>
07-47 PM, 2015-10-23


51.55
<HR>
05-43 PM, 2015-10-30
03010Q
7666461983
11.00
<HR>
07-28 PM, 2015-11-20
04541Z
7727930556
15.00
<HR>
07-53 PM, 2015-11-20

0

<HR>
04-51 PM, 2015-11-24
276423
7737464434
15.00
<HR>
05-21 PM, 2015-11-24

0

<HR>
07-48 PM, 2015-11-27
094818
7745577341
15.00
<HR>
04-53 PM, 2015-11-30
03099B
7754458048
10.00
<HR>
07-40 PM, 2015-12-08
008047
7783407781
10.00
<HR>
07-37 PM, 2015-12-17

0

<HR>
06-40 PM, 2015-12-30
03009Q
7845402011
11.00
<HR>
06-30 PM, 2016-02-19
01973Q
7999377360
11.00
<HR>
08-13 AM, 2016-03-15

0

<HR>
02-20 AM, 2016-03-25

8102113356
4.87
<HR>
02-23 AM, 2016-03-25

8102116647
4.28
<HR>
08-07 PM, 2016-12-21

0
0
<HR>
07-11 PM, 2016-12-22


5000
